# JRE version: Java(TM) SE Runtime Environment (8.0_11-b12) (build 1.8.0_11-b12)
# Java VM: Java HotSpot(TM) 64-Bit Server VM (25.11-b03 mixed mode windows-amd64 compressed oops)
Heap:
 PSYoungGen      total 82432K, used 57417K [0x00000000d6380000, 0x00000000dbc00000, 0x0000000100000000)
  eden space 79360K, 72% used [0x00000000d6380000,0x00000000d9b92488,0x00000000db100000)
  from space 3072K, 0% used [0x00000000db100000,0x00000000db100000,0x00000000db400000)
  to   space 5632K, 0% used [0x00000000db680000,0x00000000db680000,0x00000000dbc00000)
 ParOldGen       total 14848K, used 11504K [0x0000000082a00000, 0x0000000083880000, 0x00000000d6380000)
  object space 14848K, 77% used [0x0000000082a00000,0x000000008353c070,0x0000000083880000)
 Metaspace       used 33404K, capacity 36218K, committed 36400K, reserved 1081344K
  class space    used 4582K, capacity 5066K, committed 5168K, reserved 1048576K
GC Heap History (10 events):
Event: 331.769 GC heap before
{Heap before GC invocations=34 (full 7):
 PSYoungGen      total 82432K, used 2794K [0x00000000d6380000, 0x00000000dbd00000, 0x0000000100000000)
  eden space 79360K, 0% used [0x00000000d6380000,0x00000000d6380000,0x00000000db100000)
  from space 3072K, 90% used [0x00000000db100000,0x00000000db3ba830,0x00000000db400000)
  to   space 6144K, 0% used [0x00000000db700000,0x00000000db700000,0x00000000dbd00000)
 ParOldGen       total 14848K, used 11190K [0x0000000082a00000, 0x0000000083880000, 0x00000000d6380000)
  object space 14848K, 75% used [0x0000000082a00000,0x00000000834edb00,0x0000000083880000)
 Metaspace       used 33109K, capacity 35676K, committed 36016K, reserved 1081344K
  class space    used 4542K, capacity 4952K, committed 5040K, reserved 1048576K
Event: 331.878 GC heap after
Heap after GC invocations=34 (full 7):
 PSYoungGen      total 82432K, used 0K [0x00000000d6380000, 0x00000000dbd00000, 0x0000000100000000)
  eden space 79360K, 0% used [0x00000000d6380000,0x00000000d6380000,0x00000000db100000)
  from space 3072K, 0% used [0x00000000db100000,0x00000000db100000,0x00000000db400000)
  to   space 6144K, 0% used [0x00000000db700000,0x00000000db700000,0x00000000dbd00000)
 ParOldGen       total 14848K, used 11264K [0x0000000082a00000, 0x0000000083880000, 0x00000000d6380000)
  object space 14848K, 75% used [0x0000000082a00000,0x0000000083500020,0x0000000083880000)
 Metaspace       used 33106K, capacity 35670K, committed 36016K, reserved 1081344K
  class space    used 4541K, capacity 4950K, committed 5040K, reserved 1048576K
}
Event: 401.559 GC heap before
{Heap before GC invocations=35 (full 7):
 PSYoungGen      total 82432K, used 52227K [0x00000000d6380000, 0x00000000dbd00000, 0x0000000100000000)
  eden space 79360K, 65% used [0x00000000d6380000,0x00000000d9680e80,0x00000000db100000)
  from space 3072K, 0% used [0x00000000db100000,0x00000000db100000,0x00000000db400000)
  to   space 6144K, 0% used [0x00000000db700000,0x00000000db700000,0x00000000dbd00000)
 ParOldGen       total 14848K, used 11264K [0x0000000082a00000, 0x0000000083880000, 0x00000000d6380000)
  object space 14848K, 75% used [0x0000000082a00000,0x0000000083500020,0x0000000083880000)
 Metaspace       used 33194K, capacity 35844K, committed 36016K, reserved 1081344K
  class space    used 4554K, capacity 4967K, committed 5040K, reserved 1048576K
Event: 401.563 GC heap after
Heap after GC invocations=35 (full 7):
 PSYoungGen      total 85504K, used 2792K [0x00000000d6380000, 0x00000000dbd00000, 0x0000000100000000)
  eden space 79360K, 0% used [0x00000000d6380000,0x00000000d6380000,0x00000000db100000)
  from space 6144K, 45% used [0x00000000db700000,0x00000000db9ba3d0,0x00000000dbd00000)
  to   space 6144K, 0% used [0x00000000db100000,0x00000000db100000,0x00000000db700000)
 ParOldGen       total 14848K, used 11272K [0x0000000082a00000, 0x0000000083880000, 0x00000000d6380000)
  object space 14848K, 75% used [0x0000000082a00000,0x0000000083502020,0x0000000083880000)
 Metaspace       used 33194K, capacity 35844K, committed 36016K, reserved 1081344K
  class space    used 4554K, capacity 4967K, committed 5040K, reserved 1048576K
}
Event: 401.563 GC heap before
{Heap before GC invocations=36 (full 8):
 PSYoungGen      total 85504K, used 2792K [0x00000000d6380000, 0x00000000dbd00000, 0x0000000100000000)
  eden space 79360K, 0% used [0x00000000d6380000,0x00000000d6380000,0x00000000db100000)
  from space 6144K, 45% used [0x00000000db700000,0x00000000db9ba3d0,0x00000000dbd00000)
  to   space 6144K, 0% used [0x00000000db100000,0x00000000db100000,0x00000000db700000)
 ParOldGen       total 14848K, used 11272K [0x0000000082a00000, 0x0000000083880000, 0x00000000d6380000)
  object space 14848K, 75% used [0x0000000082a00000,0x0000000083502020,0x0000000083880000)
 Metaspace       used 33194K, capacity 35844K, committed 36016K, reserved 1081344K
  class space    used 4554K, capacity 4967K, committed 5040K, reserved 1048576K
Event: 401.624 GC heap after
Heap after GC invocations=36 (full 8):
 PSYoungGen      total 85504K, used 0K [0x00000000d6380000, 0x00000000dbd00000, 0x0000000100000000)
  eden space 79360K, 0% used [0x00000000d6380000,0x00000000d6380000,0x00000000db100000)
  from space 6144K, 0% used [0x00000000db700000,0x00000000db700000,0x00000000dbd00000)
  to   space 6144K, 0% used [0x00000000db100000,0x00000000db100000,0x00000000db700000)
 ParOldGen       total 14848K, used 11351K [0x0000000082a00000, 0x0000000083880000, 0x00000000d6380000)
  object space 14848K, 76% used [0x0000000082a00000,0x0000000083515f18,0x0000000083880000)
 Metaspace       used 33191K, capacity 35838K, committed 36016K, reserved 1081344K
  class space    used 4553K, capacity 4965K, committed 5040K, reserved 1048576K
}
Event: 420.548 GC heap before
{Heap before GC invocations=37 (full 8):
 PSYoungGen      total 85504K, used 49866K [0x00000000d6380000, 0x00000000dbd00000, 0x0000000100000000)
  eden space 79360K, 62% used [0x00000000d6380000,0x00000000d9432810,0x00000000db100000)
  from space 6144K, 0% used [0x00000000db700000,0x00000000db700000,0x00000000dbd00000)
  to   space 6144K, 0% used [0x00000000db100000,0x00000000db100000,0x00000000db700000)
 ParOldGen       total 14848K, used 11351K [0x0000000082a00000, 0x0000000083880000, 0x00000000d6380000)
  object space 14848K, 76% used [0x0000000082a00000,0x0000000083515f18,0x0000000083880000)
 Metaspace       used 33331K, capacity 36098K, committed 36272K, reserved 1081344K
  class space    used 4573K, capacity 5027K, committed 5040K, reserved 1048576K
Event: 420.556 GC heap after
Heap after GC invocations=37 (full 8):
 PSYoungGen      total 82432K, used 2915K [0x00000000d6380000, 0x00000000dbc00000, 0x0000000100000000)
  eden space 79360K, 0% used [0x00000000d6380000,0x00000000d6380000,0x00000000db100000)
  from space 3072K, 94% used [0x00000000db100000,0x00000000db3d8c88,0x00000000db400000)
  to   space 5632K, 0% used [0x00000000db680000,0x00000000db680000,0x00000000dbc00000)
 ParOldGen       total 14848K, used 11359K [0x0000000082a00000, 0x0000000083880000, 0x00000000d6380000)
  object space 14848K, 76% used [0x0000000082a00000,0x0000000083517f18,0x0000000083880000)
 Metaspace       used 33331K, capacity 36098K, committed 36272K, reserved 1081344K
  class space    used 4573K, capacity 5027K, committed 5040K, reserved 1048576K
}
Event: 420.556 GC heap before
{Heap before GC invocations=38 (full 9):
 PSYoungGen      total 82432K, used 2915K [0x00000000d6380000, 0x00000000dbc00000, 0x0000000100000000)
  eden space 79360K, 0% used [0x00000000d6380000,0x00000000d6380000,0x00000000db100000)
  from space 3072K, 94% used [0x00000000db100000,0x00000000db3d8c88,0x00000000db400000)
  to   space 5632K, 0% used [0x00000000db680000,0x00000000db680000,0x00000000dbc00000)
 ParOldGen       total 14848K, used 11359K [0x0000000082a00000, 0x0000000083880000, 0x00000000d6380000)
  object space 14848K, 76% used [0x0000000082a00000,0x0000000083517f18,0x0000000083880000)
 Metaspace       used 33331K, capacity 36098K, committed 36272K, reserved 1081344K
  class space    used 4573K, capacity 5027K, committed 5040K, reserved 1048576K
Event: 420.651 GC heap after
Heap after GC invocations=38 (full 9):
 PSYoungGen      total 82432K, used 0K [0x00000000d6380000, 0x00000000dbc00000, 0x0000000100000000)
  eden space 79360K, 0% used [0x00000000d6380000,0x00000000d6380000,0x00000000db100000)
  from space 3072K, 0% used [0x00000000db100000,0x00000000db100000,0x00000000db400000)
  to   space 5632K, 0% used [0x00000000db680000,0x00000000db680000,0x00000000dbc00000)
 ParOldGen       total 14848K, used 11504K [0x0000000082a00000, 0x0000000083880000, 0x00000000d6380000)
  object space 14848K, 77% used [0x0000000082a00000,0x000000008353c070,0x0000000083880000)
 Metaspace       used 33329K, capacity 36092K, committed 36272K, reserved 1081344K
  class space    used 4573K, capacity 5025K, committed 5040K, reserved 1048576K
}

